[2020-02-03 18:47:29,587] INFO Starting the log cleaner (kafka.log.LogCleaner)
[2020-02-03 18:47:29,650] INFO [kafka-log-cleaner-thread-0]: Starting (kafka.log.LogCleaner)
[2020-02-03 19:01:18,267] INFO The cleaning for partition second_topic-3 is aborted and paused (kafka.log.LogCleaner)
[2020-02-03 19:01:18,269] INFO The cleaning for partition second_topic-3 is aborted (kafka.log.LogCleaner)
[2020-02-03 19:01:18,282] INFO The cleaning for partition second_topic-5 is aborted and paused (kafka.log.LogCleaner)
[2020-02-03 19:01:18,282] INFO The cleaning for partition second_topic-5 is aborted (kafka.log.LogCleaner)
[2020-02-03 19:01:18,292] INFO The cleaning for partition second_topic-0 is aborted and paused (kafka.log.LogCleaner)
[2020-02-03 19:01:18,292] INFO The cleaning for partition second_topic-0 is aborted (kafka.log.LogCleaner)
[2020-02-03 19:01:18,302] INFO The cleaning for partition second_topic-2 is aborted and paused (kafka.log.LogCleaner)
[2020-02-03 19:01:18,302] INFO The cleaning for partition second_topic-2 is aborted (kafka.log.LogCleaner)
[2020-02-03 19:01:18,311] INFO The cleaning for partition second_topic-1 is aborted and paused (kafka.log.LogCleaner)
[2020-02-03 19:01:18,311] INFO The cleaning for partition second_topic-1 is aborted (kafka.log.LogCleaner)
[2020-02-03 19:01:18,320] INFO The cleaning for partition second_topic-4 is aborted and paused (kafka.log.LogCleaner)
[2020-02-03 19:01:18,321] INFO The cleaning for partition second_topic-4 is aborted (kafka.log.LogCleaner)
[2020-02-03 19:08:34,859] INFO Starting the log cleaner (kafka.log.LogCleaner)
[2020-02-03 19:08:34,922] INFO [kafka-log-cleaner-thread-0]: Starting (kafka.log.LogCleaner)
[2020-02-03 19:08:35,615] INFO The cleaning for partition second_topic-3 is aborted and paused (kafka.log.LogCleaner)
[2020-02-03 19:08:35,616] INFO The cleaning for partition second_topic-3 is aborted (kafka.log.LogCleaner)
[2020-02-03 19:08:35,629] INFO The cleaning for partition second_topic-5 is aborted and paused (kafka.log.LogCleaner)
[2020-02-03 19:08:35,629] INFO The cleaning for partition second_topic-5 is aborted (kafka.log.LogCleaner)
[2020-02-03 19:08:35,639] INFO The cleaning for partition second_topic-0 is aborted and paused (kafka.log.LogCleaner)
[2020-02-03 19:08:35,639] INFO The cleaning for partition second_topic-0 is aborted (kafka.log.LogCleaner)
[2020-02-03 19:08:35,649] INFO The cleaning for partition second_topic-2 is aborted and paused (kafka.log.LogCleaner)
[2020-02-03 19:08:35,649] INFO The cleaning for partition second_topic-2 is aborted (kafka.log.LogCleaner)
[2020-02-03 19:08:35,659] INFO The cleaning for partition second_topic-1 is aborted and paused (kafka.log.LogCleaner)
[2020-02-03 19:08:35,659] INFO The cleaning for partition second_topic-1 is aborted (kafka.log.LogCleaner)
[2020-02-03 19:08:35,668] INFO The cleaning for partition second_topic-4 is aborted and paused (kafka.log.LogCleaner)
[2020-02-03 19:08:35,668] INFO The cleaning for partition second_topic-4 is aborted (kafka.log.LogCleaner)
[2020-02-03 19:09:40,615] INFO Starting the log cleaner (kafka.log.LogCleaner)
[2020-02-03 19:09:40,677] INFO [kafka-log-cleaner-thread-0]: Starting (kafka.log.LogCleaner)
[2020-02-03 19:09:41,390] INFO The cleaning for partition second_topic-3 is aborted and paused (kafka.log.LogCleaner)
[2020-02-03 19:09:41,390] INFO The cleaning for partition second_topic-3 is aborted (kafka.log.LogCleaner)
[2020-02-03 19:09:41,403] INFO The cleaning for partition second_topic-5 is aborted and paused (kafka.log.LogCleaner)
[2020-02-03 19:09:41,403] INFO The cleaning for partition second_topic-5 is aborted (kafka.log.LogCleaner)
[2020-02-03 19:09:41,413] INFO The cleaning for partition second_topic-0 is aborted and paused (kafka.log.LogCleaner)
[2020-02-03 19:09:41,413] INFO The cleaning for partition second_topic-0 is aborted (kafka.log.LogCleaner)
[2020-02-03 19:09:41,437] INFO The cleaning for partition second_topic-2 is aborted and paused (kafka.log.LogCleaner)
[2020-02-03 19:09:41,437] INFO The cleaning for partition second_topic-2 is aborted (kafka.log.LogCleaner)
[2020-02-03 19:09:41,464] INFO The cleaning for partition second_topic-1 is aborted and paused (kafka.log.LogCleaner)
[2020-02-03 19:09:41,465] INFO The cleaning for partition second_topic-1 is aborted (kafka.log.LogCleaner)
[2020-02-03 19:09:41,482] INFO The cleaning for partition second_topic-4 is aborted and paused (kafka.log.LogCleaner)
[2020-02-03 19:09:41,482] INFO The cleaning for partition second_topic-4 is aborted (kafka.log.LogCleaner)
[2020-02-03 19:10:06,082] INFO Starting the log cleaner (kafka.log.LogCleaner)
[2020-02-03 19:10:06,145] INFO [kafka-log-cleaner-thread-0]: Starting (kafka.log.LogCleaner)
[2020-02-03 19:10:06,860] INFO The cleaning for partition second_topic-3 is aborted and paused (kafka.log.LogCleaner)
[2020-02-03 19:10:06,861] INFO The cleaning for partition second_topic-3 is aborted (kafka.log.LogCleaner)
[2020-02-03 19:10:06,874] INFO The cleaning for partition second_topic-5 is aborted and paused (kafka.log.LogCleaner)
[2020-02-03 19:10:06,875] INFO The cleaning for partition second_topic-5 is aborted (kafka.log.LogCleaner)
[2020-02-03 19:10:06,884] INFO The cleaning for partition second_topic-0 is aborted and paused (kafka.log.LogCleaner)
[2020-02-03 19:10:06,884] INFO The cleaning for partition second_topic-0 is aborted (kafka.log.LogCleaner)
[2020-02-03 19:10:06,894] INFO The cleaning for partition second_topic-2 is aborted and paused (kafka.log.LogCleaner)
[2020-02-03 19:10:06,894] INFO The cleaning for partition second_topic-2 is aborted (kafka.log.LogCleaner)
[2020-02-03 19:10:06,904] INFO The cleaning for partition second_topic-1 is aborted and paused (kafka.log.LogCleaner)
[2020-02-03 19:10:06,904] INFO The cleaning for partition second_topic-1 is aborted (kafka.log.LogCleaner)
[2020-02-03 19:10:06,915] INFO The cleaning for partition second_topic-4 is aborted and paused (kafka.log.LogCleaner)
[2020-02-03 19:10:06,915] INFO The cleaning for partition second_topic-4 is aborted (kafka.log.LogCleaner)
[2020-02-04 14:28:07,341] INFO Starting the log cleaner (kafka.log.LogCleaner)
[2020-02-04 14:28:07,411] INFO [kafka-log-cleaner-thread-0]: Starting (kafka.log.LogCleaner)
[2020-02-04 14:39:58,645] INFO Starting the log cleaner (kafka.log.LogCleaner)
[2020-02-04 14:39:58,707] INFO [kafka-log-cleaner-thread-0]: Starting (kafka.log.LogCleaner)
[2020-02-04 15:44:24,837] INFO Shutting down the log cleaner. (kafka.log.LogCleaner)
[2020-02-04 15:44:24,842] INFO [kafka-log-cleaner-thread-0]: Shutting down (kafka.log.LogCleaner)
[2020-02-04 15:44:24,842] INFO [kafka-log-cleaner-thread-0]: Stopped (kafka.log.LogCleaner)
[2020-02-04 15:44:24,842] INFO [kafka-log-cleaner-thread-0]: Shutdown completed (kafka.log.LogCleaner)
